=== Preflight ===
=== Create task ===
{
  "id": "t_3444f024",
  "title": "TASK-HERMES-WORKTREE-SMOKE-003",
  "body": "## 목적\n\nDispatcher가 생성한 영구 Git worktree에서 Xixi가 targeted patch를 실제 수행하고,\n작업 완료 후에도 변경 결과가 호스트에 보존되는지 검증한다.\n\n## 실행환경 계약\n\n- Dispatcher가 배정하고 컨테이너에 마운트한 workspace에서만 작업한다.\n- 컨테이너 내부 작업 경로는 `/workspace`다.\n- 호스트의 `/home/since98kr/.hermes/...` 경로를 컨테이너 안에서 직접 접근하거나 생성하지 않는다.\n- `/tmp`, 홈 디렉터리, 별도 workspace로 우회하지 않는다.\n- `/workspace`가 Git worktree가 아니면 즉시 kanban_block을 호출한다.\n- `/workspace/smoke_target.txt`와 `/workspace/test_smoke.sh`가 없으면 수정하지 말고 kanban_block을 호출한다.\n\n## 수정 허용 범위\n\n수정 가능한 파일은 다음 하나뿐이다.\n\n`smoke_target.txt`\n\n다음 anchor를 정확히 한 번만 교체한다.\n\n기존:\n\n`WORKTREE_SMOKE_STATUS=PENDING`\n\n변경:\n\n`WORKTREE_SMOKE_STATUS=PATCHED`\n\n다음 행은 절대 변경하지 않는다.\n\n`UNCHANGED_SENTINEL=KEEP`\n\n## 금지사항\n\n- whole-file overwrite 금지\n- 다른 파일 수정·생성·삭제 금지\n- test_smoke.sh 수정 금지\n- commit 생성 금지\n- Hermes 코어, profile, Harness, systemd, canonical repository 수정 금지\n- 자연어만으로 완료 주장 금지\n\n## 작업 전 검증\n\n다음을 실제 실행한다.\n\n```bash\npwd\ngit rev-parse --is-inside-work-tree\ngit rev-parse --show-toplevel\ngit branch --show-current\ngit status --short\ncat smoke_target.txt\ngrep -Fxc 'WORKTREE_SMOKE_STATUS=PENDING' smoke_target.txt\ngrep -Fxc 'UNCHANGED_SENTINEL=KEEP' smoke_target.txt\n```\n\n다음 조건을 모두 만족해야 수정한다.\n\n- `pwd`가 `/workspace`\n- Git worktree 판정이 `true`\n- 작업 시작 시 working tree가 clean\n- PENDING anchor가 정확히 1개\n- sentinel이 정확히 1개\n\n## Patch 방법\n\nPython 또는 Perl을 사용해 exact anchor replacement를 수행한다.\n교체 횟수가 정확히 1회가 아니면 파일을 쓰지 말고 실패 처리한다.\n\n## 작업 후 검증\n\n다음을 실제 실행한다.\n\n```bash\ngrep -Fxq 'WORKTREE_SMOKE_STATUS=PATCHED' smoke_target.txt\ngrep -Fxq 'UNCHANGED_SENTINEL=KEEP' smoke_target.txt\n./test_smoke.sh\ngit diff --check\ngit diff --name-only\ngit status --short\ngit diff -- smoke_target.txt\ngit log -1 --oneline\n```\n\n## 성공 조건\n\n- `./test_smoke.sh` exit code 0\n- 출력에 `WORKTREE_SMOKE_TEST_PASS`\n- `git diff --check` exit code 0\n- `git diff --name-only` 결과가 정확히 `smoke_target.txt`\n- `git status --short`에 smoke_target.txt 수정만 존재\n- sentinel 유지\n- commit 미생성\n\n## Kanban 처리\n\n성공 시 실제 결과를 Kanban comment에 기록한다.\n\n- pwd\n- Git top-level\n- branch\n- 변경 파일\n- 테스트 출력\n- 명령별 exit code\n- git status\n- 전체 git diff\n- commit을 만들지 않았다는 확인\n- 우회 경로를 사용하지 않았다는 확인\n\n모든 조건이 성공하면 `kanban_complete`를 실제 호출한다.\n\n하나라도 실패하면 추가 우회나 범위 확대를 하지 말고,\n원인을 기록한 후 `kanban_block`을 실제 호출한다.",
  "assignee": "xixi",
  "status": "blocked",
  "priority": 0,
  "tenant": null,
  "workspace_kind": "worktree",
  "workspace_path": "/home/since98kr/.hermes/smoke-repos/hermes-worktree-smoke/.worktrees/t_3444f024",
  "branch_name": "smoke/hermes-worktree-003",
  "project_id": null,
  "created_by": "tei",
  "created_at": 1784341425,
  "started_at": 1784341428,
  "completed_at": null,
  "result": null,
  "skills": [],
  "max_retries": 1,
  "session_id": null,
  "workflow_template_id": null,
  "current_step_key": null
}
TASK_ID=t_3444f024
=== Created task ===
Task t_3444f024: TASK-HERMES-WORKTREE-SMOKE-003
  status:    blocked
  assignee:  xixi
  workspace: worktree @ /home/since98kr/.hermes/smoke-repos/hermes-worktree-smoke/.worktrees/t_3444f024
  branch:    smoke/hermes-worktree-003
  max-retries: 1 (task)
  created:   2026-07-18 11:23 by tei
  started:   2026-07-18 11:23

Body:
## 목적

Dispatcher가 생성한 영구 Git worktree에서 Xixi가 targeted patch를 실제 수행하고,
작업 완료 후에도 변경 결과가 호스트에 보존되는지 검증한다.

## 실행환경 계약

- Dispatcher가 배정하고 컨테이너에 마운트한 workspace에서만 작업한다.
- 컨테이너 내부 작업 경로는 `/workspace`다.
- 호스트의 `/home/since98kr/.hermes/...` 경로를 컨테이너 안에서 직접 접근하거나 생성하지 않는다.
- `/tmp`, 홈 디렉터리, 별도 workspace로 우회하지 않는다.
- `/workspace`가 Git worktree가 아니면 즉시 kanban_block을 호출한다.
- `/workspace/smoke_target.txt`와 `/workspace/test_smoke.sh`가 없으면 수정하지 말고 kanban_block을 호출한다.

## 수정 허용 범위

수정 가능한 파일은 다음 하나뿐이다.

`smoke_target.txt`

다음 anchor를 정확히 한 번만 교체한다.

기존:

`WORKTREE_SMOKE_STATUS=PENDING`

변경:

`WORKTREE_SMOKE_STATUS=PATCHED`

다음 행은 절대 변경하지 않는다.

`UNCHANGED_SENTINEL=KEEP`

## 금지사항

- whole-file overwrite 금지
- 다른 파일 수정·생성·삭제 금지
- test_smoke.sh 수정 금지
- commit 생성 금지
- Hermes 코어, profile, Harness, systemd, canonical repository 수정 금지
- 자연어만으로 완료 주장 금지

## 작업 전 검증

다음을 실제 실행한다.

```bash
pwd
git rev-parse --is-inside-work-tree
git rev-parse --show-toplevel
git branch --show-current
git status --short
cat smoke_target.txt
grep -Fxc 'WORKTREE_SMOKE_STATUS=PENDING' smoke_target.txt
grep -Fxc 'UNCHANGED_SENTINEL=KEEP' smoke_target.txt
```

다음 조건을 모두 만족해야 수정한다.

- `pwd`가 `/workspace`
- Git worktree 판정이 `true`
- 작업 시작 시 working tree가 clean
- PENDING anchor가 정확히 1개
- sentinel이 정확히 1개

## Patch 방법

Python 또는 Perl을 사용해 exact anchor replacement를 수행한다.
교체 횟수가 정확히 1회가 아니면 파일을 쓰지 말고 실패 처리한다.

## 작업 후 검증

다음을 실제 실행한다.

```bash
grep -Fxq 'WORKTREE_SMOKE_STATUS=PATCHED' smoke_target.txt
grep -Fxq 'UNCHANGED_SENTINEL=KEEP' smoke_target.txt
./test_smoke.sh
git diff --check
git diff --name-only
git status --short
git diff -- smoke_target.txt
git log -1 --oneline
```

## 성공 조건

- `./test_smoke.sh` exit code 0
- 출력에 `WORKTREE_SMOKE_TEST_PASS`
- `git diff --check` exit code 0
- `git diff --name-only` 결과가 정확히 `smoke_target.txt`
- `git status --short`에 smoke_target.txt 수정만 존재
- sentinel 유지
- commit 미생성

## Kanban 처리

성공 시 실제 결과를 Kanban comment에 기록한다.

- pwd
- Git top-level
- branch
- 변경 파일
- 테스트 출력
- 명령별 exit code
- git status
- 전체 git diff
- commit을 만들지 않았다는 확인
- 우회 경로를 사용하지 않았다는 확인

모든 조건이 성공하면 `kanban_complete`를 실제 호출한다.

하나라도 실패하면 추가 우회나 범위 확대를 하지 말고,
원인을 기록한 후 `kanban_block`을 실제 호출한다.

Latest summary:
/workspace is not a Git worktree. `git rev-parse --is-inside-work-tree` failed with "fatal: not a git repository". Expected worktree at /home/since98kr/.hermes/smoke-repos/hermes-worktree-smoke/.worktrees/t_3444f024 also does not exist in the container. The workspace contains only hermes-smoke/ and tasks/ directories — no smoke_target.txt or test_smoke.sh found. The worktree was never mounted or created in this container.

Events (5):
  [2026-07-18 11:23] created {'assignee': 'xixi', 'status': 'ready', 'parents': [], 'tenant': None, 'branch_name': 'smoke/hermes-worktree-003', 'skills': None, 'goal_mode': None}
  [2026-07-18 11:23] [run 6] claimed {'lock': 'agentlucy:580199', 'expires': 1784342328, 'run_id': 6}
  [2026-07-18 11:23] [run 6] spawned {'pid': 580256}
  [2026-07-18 11:24] [run 6] heartbeat
  [2026-07-18 11:24] [run 6] blocked {'reason': '/workspace is not a Git worktree. `git rev-parse --is-inside-work-tree` failed with "fatal: not a git repository". Expected worktree at /home/since98kr/.hermes/smoke-repos/hermes-worktree-smoke/.worktrees/t_3444f024 also does not exist in the container. The workspace contains only hermes-smoke/ and tasks/ directories — no smoke_target.txt or test_smoke.sh found. The worktree was never mounted or created in this container.', 'kind': 'capability', 'recurrences': 1}

Runs (1):
  #6   blocked      @xixi  55s  2026-07-18 11:23
        → /workspace is not a Git worktree. `git rev-parse --is-inside-work-tree` failed with "fatal: not a git repository". Expected worktree at /home/since98kr/.hermes/
=== Dispatch once ===
Reclaimed:    0
Crashed:      0
Timed out:    0
Stale:        0
Auto-blocked: 0
Promoted:     0
Spawned:      0
=== Current state ===
Task t_3444f024: TASK-HERMES-WORKTREE-SMOKE-003
  status:    blocked
  assignee:  xixi
  workspace: worktree @ /home/since98kr/.hermes/smoke-repos/hermes-worktree-smoke/.worktrees/t_3444f024
  branch:    smoke/hermes-worktree-003
  max-retries: 1 (task)
  created:   2026-07-18 11:23 by tei
  started:   2026-07-18 11:23

Body:
## 목적

Dispatcher가 생성한 영구 Git worktree에서 Xixi가 targeted patch를 실제 수행하고,
작업 완료 후에도 변경 결과가 호스트에 보존되는지 검증한다.

## 실행환경 계약

- Dispatcher가 배정하고 컨테이너에 마운트한 workspace에서만 작업한다.
- 컨테이너 내부 작업 경로는 `/workspace`다.
- 호스트의 `/home/since98kr/.hermes/...` 경로를 컨테이너 안에서 직접 접근하거나 생성하지 않는다.
- `/tmp`, 홈 디렉터리, 별도 workspace로 우회하지 않는다.
- `/workspace`가 Git worktree가 아니면 즉시 kanban_block을 호출한다.
- `/workspace/smoke_target.txt`와 `/workspace/test_smoke.sh`가 없으면 수정하지 말고 kanban_block을 호출한다.

## 수정 허용 범위

수정 가능한 파일은 다음 하나뿐이다.

`smoke_target.txt`

다음 anchor를 정확히 한 번만 교체한다.

기존:

`WORKTREE_SMOKE_STATUS=PENDING`

변경:

`WORKTREE_SMOKE_STATUS=PATCHED`

다음 행은 절대 변경하지 않는다.

`UNCHANGED_SENTINEL=KEEP`

## 금지사항

- whole-file overwrite 금지
- 다른 파일 수정·생성·삭제 금지
- test_smoke.sh 수정 금지
- commit 생성 금지
- Hermes 코어, profile, Harness, systemd, canonical repository 수정 금지
- 자연어만으로 완료 주장 금지

## 작업 전 검증

다음을 실제 실행한다.

```bash
pwd
git rev-parse --is-inside-work-tree
git rev-parse --show-toplevel
git branch --show-current
git status --short
cat smoke_target.txt
grep -Fxc 'WORKTREE_SMOKE_STATUS=PENDING' smoke_target.txt
grep -Fxc 'UNCHANGED_SENTINEL=KEEP' smoke_target.txt
```

다음 조건을 모두 만족해야 수정한다.

- `pwd`가 `/workspace`
- Git worktree 판정이 `true`
- 작업 시작 시 working tree가 clean
- PENDING anchor가 정확히 1개
- sentinel이 정확히 1개

## Patch 방법

Python 또는 Perl을 사용해 exact anchor replacement를 수행한다.
교체 횟수가 정확히 1회가 아니면 파일을 쓰지 말고 실패 처리한다.

## 작업 후 검증

다음을 실제 실행한다.

```bash
grep -Fxq 'WORKTREE_SMOKE_STATUS=PATCHED' smoke_target.txt
grep -Fxq 'UNCHANGED_SENTINEL=KEEP' smoke_target.txt
./test_smoke.sh
git diff --check
git diff --name-only
git status --short
git diff -- smoke_target.txt
git log -1 --oneline
```

## 성공 조건

- `./test_smoke.sh` exit code 0
- 출력에 `WORKTREE_SMOKE_TEST_PASS`
- `git diff --check` exit code 0
- `git diff --name-only` 결과가 정확히 `smoke_target.txt`
- `git status --short`에 smoke_target.txt 수정만 존재
- sentinel 유지
- commit 미생성

## Kanban 처리

성공 시 실제 결과를 Kanban comment에 기록한다.

- pwd
- Git top-level
- branch
- 변경 파일
- 테스트 출력
- 명령별 exit code
- git status
- 전체 git diff
- commit을 만들지 않았다는 확인
- 우회 경로를 사용하지 않았다는 확인

모든 조건이 성공하면 `kanban_complete`를 실제 호출한다.

하나라도 실패하면 추가 우회나 범위 확대를 하지 말고,
원인을 기록한 후 `kanban_block`을 실제 호출한다.

Latest summary:
/workspace is not a Git worktree. `git rev-parse --is-inside-work-tree` failed with "fatal: not a git repository". Expected worktree at /home/since98kr/.hermes/smoke-repos/hermes-worktree-smoke/.worktrees/t_3444f024 also does not exist in the container. The workspace contains only hermes-smoke/ and tasks/ directories — no smoke_target.txt or test_smoke.sh found. The worktree was never mounted or created in this container.

Events (5):
  [2026-07-18 11:23] created {'assignee': 'xixi', 'status': 'ready', 'parents': [], 'tenant': None, 'branch_name': 'smoke/hermes-worktree-003', 'skills': None, 'goal_mode': None}
  [2026-07-18 11:23] [run 6] claimed {'lock': 'agentlucy:580199', 'expires': 1784342328, 'run_id': 6}
  [2026-07-18 11:23] [run 6] spawned {'pid': 580256}
  [2026-07-18 11:24] [run 6] heartbeat
  [2026-07-18 11:24] [run 6] blocked {'reason': '/workspace is not a Git worktree. `git rev-parse --is-inside-work-tree` failed with "fatal: not a git repository". Expected worktree at /home/since98kr/.hermes/smoke-repos/hermes-worktree-smoke/.worktrees/t_3444f024 also does not exist in the container. The workspace contains only hermes-smoke/ and tasks/ directories — no smoke_target.txt or test_smoke.sh found. The worktree was never mounted or created in this container.', 'kind': 'capability', 'recurrences': 1}

Runs (1):
  #6   blocked      @xixi  55s  2026-07-18 11:23
        → /workspace is not a Git worktree. `git rev-parse --is-inside-work-tree` failed with "fatal: not a git repository". Expected worktree at /home/since98kr/.hermes/
#    OUTCOME       PROFILE            ELAPSED  STARTED
  1  blocked       xixi                   55s  2026-07-18 11:23
     → /workspace is not a Git worktree. `git rev-parse --is-inside-work-tree` failed with "fatal: not a gi

Task has been created and dispatched.
To follow live events:
  /home/since98kr/.hermes/hermes-agent/venv/bin/hermes kanban tail t_3444f024

After completion, run this same script with:
  /tmp/hermes_worktree_smoke_003.sh --verify t_3444f024
